java.lang.UnsupportedClassVersionError: bkPaint/team23/BK_paint_frame has been compiled by a more recent version of the Java Runtime (class file version 55.0), this version of the Java Runtime only recognizes class file versions up to 52.0
	at java.lang.ClassLoader.defineClass1(Native Method)
	at java.lang.ClassLoader.defineClass(Unknown Source)
	at java.security.SecureClassLoader.defineClass(Unknown Source)
	at java.net.URLClassLoader.defineClass(Unknown Source)
	at java.net.URLClassLoader.access$100(Unknown Source)
	at java.net.URLClassLoader$1.run(Unknown Source)
	at java.net.URLClassLoader$1.run(Unknown Source)
	at java.security.AccessController.doPrivileged(Native Method)
	at java.net.URLClassLoader.findClass(Unknown Source)
	at java.lang.ClassLoader.loadClass(Unknown Source)
	at sun.misc.Launcher$AppClassLoader.loadClass(Unknown Source)
	at java.lang.ClassLoader.loadClass(Unknown Source)
	at com.exe4j.runtime.LauncherEngine.launch(LauncherEngine.java:80)
	at com.exe4j.runtime.WinLauncher.main(WinLauncher.java:94)
Uncaught error fetching image:
java.lang.NullPointerException
	at sun.awt.image.URLImageSource.getConnection(Unknown Source)
	at sun.awt.image.URLImageSource.getDecoder(Unknown Source)
	at sun.awt.image.InputStreamImageSource.doFetch(Unknown Source)
	at sun.awt.image.ImageFetcher.fetchloop(Unknown Source)
	at sun.awt.image.ImageFetcher.run(Unknown Source)
